<?xml version="1.0" encoding="UTF-8"?>
<!-- Generated by org.testng.reporters.JUnitReportReporter -->
<testsuite skipped="0" hostname="KGSE-SASAP" name="selenium.FirstLoginTest" tests="4" failures="0" timestamp="19 Oct 2018 07:31:47 GMT" time="9.684" errors="0">
  <testcase name="startSFCommunity" time="3.934" classname="selenium.FirstLoginTest"/>
  <testcase name="loginToSFComunity" time="5.713" classname="selenium.FirstLoginTest"/>
  <testcase name="verifyCommunityFirstPageContent" time="0.037" classname="selenium.FirstLoginTest"/>
  <testcase name="logoutFromSFCommunity" time="0.000" classname="selenium.FirstLoginTest"/>
</testsuite> <!-- selenium.FirstLoginTest -->
